app/build/intermediates/manifest_merge_blame_file/release/manifest-merger-blame-release-report.txt
1<?xml version="1.0" encoding="utf-8"?>
2<manifest xmlns:android="http://schemas.android.com/apk/res/android"
3    package="com.example.basicbankingapp"
4    android:versionCode="1"
5    android:versionName="1.0" >
6
7    <uses-sdk
8        android:minSdkVersion="19"
8-->src\main\AndroidManifest.xml
9        android:targetSdkVersion="30" />
9-->src\main\AndroidManifest.xml
10
11    <application
11-->src\main\AndroidManifest.xml:5:5-27:19
12        android:allowBackup="true"
12-->src\main\AndroidManifest.xml:6:9-35
13        android:appComponentFactory="androidx.core.app.CoreComponentFactory"
13-->[androidx.core:core:1.5.0] AndroidManifest.xml:24:18-86
14        android:icon="@mipmap/ic_launcher"
14-->src\main\AndroidManifest.xml:7:9-43
15        android:label="@string/app_name"
15-->src\main\AndroidManifest.xml:8:9-41
16        android:roundIcon="@mipmap/ic_launcher_round"
16-->src\main\AndroidManifest.xml:9:9-54
17        android:supportsRtl="true"
17-->src\main\AndroidManifest.xml:10:9-35
18        android:theme="@style/Theme.BasicBankingApp" >
18-->src\main\AndroidManifest.xml:11:9-53
19        <activity
19-->src\main\AndroidManifest.xml:12:9-14:15
20            android:name="com.example.basicbankingapp.Users_list"
20-->src\main\AndroidManifest.xml:12:19-45
21            android:parentActivityName="com.example.basicbankingapp.MainActivity" />
21-->src\main\AndroidManifest.xml:13:13-55
22        <activity
22-->src\main\AndroidManifest.xml:15:9-16:55
23            android:name="com.example.basicbankingapp.User_data"
23-->src\main\AndroidManifest.xml:15:19-44
24            android:parentActivityName="com.example.basicbankingapp.Users_list" />
24-->src\main\AndroidManifest.xml:16:13-53
25        <activity
25-->src\main\AndroidManifest.xml:17:9-18:57
26            android:name="com.example.basicbankingapp.Transaction_history"
26-->src\main\AndroidManifest.xml:17:19-54
27            android:parentActivityName="com.example.basicbankingapp.MainActivity" />
27-->src\main\AndroidManifest.xml:18:13-55
28        <activity android:name="com.example.basicbankingapp.send_to_user" />
28-->src\main\AndroidManifest.xml:19:9-50
28-->src\main\AndroidManifest.xml:19:19-47
29        <activity android:name="com.example.basicbankingapp.MainActivity" >
29-->src\main\AndroidManifest.xml:20:9-26:20
29-->src\main\AndroidManifest.xml:20:19-47
30            <intent-filter>
30-->src\main\AndroidManifest.xml:21:13-25:29
31                <action android:name="android.intent.action.MAIN" />
31-->src\main\AndroidManifest.xml:22:17-69
31-->src\main\AndroidManifest.xml:22:25-66
32
33                <category android:name="android.intent.category.LAUNCHER" />
33-->src\main\AndroidManifest.xml:24:17-77
33-->src\main\AndroidManifest.xml:24:27-74
34            </intent-filter>
35        </activity>
36    </application>
37
38</manifest>